Options:
  Problem size: M = 8192, N = 8192, K = 8192
  Number of threads: 1
  Number of iterations: 5
  Print matrix: off
  Validation: off

Initializing matrix... done!
Initializing OpenCL...
Detected OpenCL platform: NVIDIA CUDA
Detected OpenCL device: GeForce GTX 1080
Warming up GPU...2.042091 sec
Warming up GPU...1.949121 sec
Warming up GPU...1.945676 sec
Calculating...(iter=0) 1.943967 sec
Calculating...(iter=1) 1.937959 sec
Calculating...(iter=2) 1.948747 sec
Calculating...(iter=3) 1.946174 sec
Calculating...(iter=4) 1.949895 sec
Avg. time: 1.945348 sec
Avg. throughput: 565.200378 GFLOPS
