Options:
  Problem size: M = 8192, N = 8192, K = 8192
  Number of threads: 1
  Number of iterations: 5
  Print matrix: off
  Validation: off

Initializing matrix... done!
Initializing OpenCL...
Detected OpenCL platform: NVIDIA CUDA
Detected OpenCL device: GeForce GTX 1080
Detected OpenCL device: GeForce GTX 1080
Detected OpenCL device: GeForce GTX 1080
Detected OpenCL device: GeForce GTX 1080
Warming up GPU...1.158124 sec
Warming up GPU...0.980334 sec
Warming up GPU...0.931578 sec
Calculating...(iter=0) 0.927494 sec
Calculating...(iter=1) 0.932982 sec
Calculating...(iter=2) 0.935114 sec
Calculating...(iter=3) 0.929392 sec
Calculating...(iter=4) 0.928914 sec
Avg. time: 0.930779 sec
Avg. throughput: 1181.280808 GFLOPS
