Options:
  Problem size: M = 8192, N = 8192, K = 8192
  Number of threads: 1
  Number of iterations: 5
  Print matrix: off
  Validation: off

Initializing matrix... done!
Initializing OpenCL...
Detected OpenCL platform: NVIDIA CUDA
Detected OpenCL device: GeForce GTX 1080
Detected OpenCL device: GeForce GTX 1080
Detected OpenCL device: GeForce GTX 1080
Warming up GPU...1.304942 sec
Warming up GPU...1.153518 sec
Warming up GPU...1.095826 sec
Calculating...(iter=0) 1.096483 sec
Calculating...(iter=1) 1.103651 sec
Calculating...(iter=2) 1.107327 sec
Calculating...(iter=3) 1.101310 sec
Calculating...(iter=4) 1.100759 sec
Avg. time: 1.101906 sec
Avg. throughput: 997.827051 GFLOPS
